<?xml version="1.0" encoding="UTF-8"?>
<!-- Generated by org.testng.reporters.JUnitReportReporter -->
<testsuite hostname="DESKTOP-N653JNU" failures="0" tests="3" name="com.crm.qa.testcases.HomePageTest" time="21.501" errors="0" timestamp="2023-04-24T15:04:22 EDT" skipped="0">
  <testcase classname="com.crm.qa.testcases.HomePageTest" name="verifyHomePageTitleTest" time="6.468"/>
  <system-out/>
  <testcase classname="com.crm.qa.testcases.HomePageTest" name="verifyUserNameTest" time="7.607"/>
  <system-out/>
  <testcase classname="com.crm.qa.testcases.HomePageTest" name="verifyContactsLinkTest" time="7.426"/>
  <system-out/>
</testsuite> <!-- com.crm.qa.testcases.HomePageTest -->
